# JRE version: OpenJDK Runtime Environment Temurin-17.0.2+8 (17.0.2+8) (build 17.0.2+8)
# Java VM: OpenJDK 64-Bit Server VM Temurin-17.0.2+8 (17.0.2+8, mixed mode, emulated-client, tiered, compressed oops, compressed class ptrs, g1 gc, windows-amd64)
GC Precious Log:
 CPUs: 4 total, 4 available
 Memory: 8083M
 Large Page Support: Disabled
 NUMA Support: Disabled
 Compressed Oops: Enabled (32-bit)
 Heap Region Size: 1M
 Heap Min Capacity: 8M
 Heap Initial Capacity: 128M
 Heap Max Capacity: 2022M
 Pre-touch: Disabled
 Parallel Workers: 4
 Concurrent Workers: 1
 Concurrent Refinement Workers: 4
 Periodic GC: Disabled
Heap:
 garbage-first heap   total 77824K, used 25288K [0x0000000081a00000, 0x0000000100000000)
  region size 1024K, 3 young (3072K), 0 survivors (0K)
 Metaspace       used 38508K, committed 38976K, reserved 1089536K
  class space    used 4845K, committed 4992K, reserved 1048576K
GC Heap History (20 events):
Event: 11419.708 GC heap before
{Heap before GC invocations=1127 (full 1111):
 garbage-first heap   total 77824K, used 25288K [0x0000000081a00000, 0x0000000100000000)
  region size 1024K, 3 young (3072K), 0 survivors (0K)
 Metaspace       used 38508K, committed 38976K, reserved 1089536K
  class space    used 4845K, committed 4992K, reserved 1048576K
}
Event: 11419.731 GC heap after
{Heap after GC invocations=1128 (full 1112):
 garbage-first heap   total 77824K, used 23240K [0x0000000081a00000, 0x0000000100000000)
  region size 1024K, 0 young (0K), 0 survivors (0K)
 Metaspace       used 38508K, committed 38976K, reserved 1089536K
  class space    used 4845K, committed 4992K, reserved 1048576K
}
Event: 11429.879 GC heap before
{Heap before GC invocations=1128 (full 1112):
 garbage-first heap   total 77824K, used 26312K [0x0000000081a00000, 0x0000000100000000)
  region size 1024K, 4 young (4096K), 0 survivors (0K)
 Metaspace       used 38508K, committed 38976K, reserved 1089536K
  class space    used 4845K, committed 4992K, reserved 1048576K
}
Event: 11429.909 GC heap after
{Heap after GC invocations=1129 (full 1113):
 garbage-first heap   total 77824K, used 23240K [0x0000000081a00000, 0x0000000100000000)
  region size 1024K, 0 young (0K), 0 survivors (0K)
 Metaspace       used 38508K, committed 38976K, reserved 1089536K
  class space    used 4845K, committed 4992K, reserved 1048576K
}
Event: 11440.059 GC heap before
{Heap before GC invocations=1129 (full 1113):
 garbage-first heap   total 77824K, used 25288K [0x0000000081a00000, 0x0000000100000000)
  region size 1024K, 3 young (3072K), 0 survivors (0K)
 Metaspace       used 38508K, committed 38976K, reserved 1089536K
  class space    used 4845K, committed 4992K, reserved 1048576K
}
Event: 11440.084 GC heap after
{Heap after GC invocations=1130 (full 1114):
 garbage-first heap   total 77824K, used 23240K [0x0000000081a00000, 0x0000000100000000)
  region size 1024K, 0 young (0K), 0 survivors (0K)
 Metaspace       used 38508K, committed 38976K, reserved 1089536K
  class space    used 4845K, committed 4992K, reserved 1048576K
}
Event: 11450.241 GC heap before
{Heap before GC invocations=1130 (full 1114):
 garbage-first heap   total 77824K, used 25288K [0x0000000081a00000, 0x0000000100000000)
  region size 1024K, 3 young (3072K), 0 survivors (0K)
 Metaspace       used 38508K, committed 38976K, reserved 1089536K
  class space    used 4845K, committed 4992K, reserved 1048576K
}
Event: 11450.269 GC heap after
{Heap after GC invocations=1131 (full 1115):
 garbage-first heap   total 77824K, used 23240K [0x0000000081a00000, 0x0000000100000000)
  region size 1024K, 0 young (0K), 0 survivors (0K)
 Metaspace       used 38508K, committed 38976K, reserved 1089536K
  class space    used 4845K, committed 4992K, reserved 1048576K
}
Event: 11460.450 GC heap before
{Heap before GC invocations=1131 (full 1115):
 garbage-first heap   total 77824K, used 25288K [0x0000000081a00000, 0x0000000100000000)
  region size 1024K, 3 young (3072K), 0 survivors (0K)
 Metaspace       used 38508K, committed 38976K, reserved 1089536K
  class space    used 4845K, committed 4992K, reserved 1048576K
}
Event: 11460.481 GC heap after
{Heap after GC invocations=1132 (full 1116):
 garbage-first heap   total 77824K, used 23240K [0x0000000081a00000, 0x0000000100000000)
  region size 1024K, 0 young (0K), 0 survivors (0K)
 Metaspace       used 38508K, committed 38976K, reserved 1089536K
  class space    used 4845K, committed 4992K, reserved 1048576K
}
Event: 11470.727 GC heap before
{Heap before GC invocations=1132 (full 1116):
 garbage-first heap   total 77824K, used 25288K [0x0000000081a00000, 0x0000000100000000)
  region size 1024K, 3 young (3072K), 0 survivors (0K)
 Metaspace       used 38508K, committed 38976K, reserved 1089536K
  class space    used 4845K, committed 4992K, reserved 1048576K
}
Event: 11470.759 GC heap after
{Heap after GC invocations=1133 (full 1117):
 garbage-first heap   total 77824K, used 23240K [0x0000000081a00000, 0x0000000100000000)
  region size 1024K, 0 young (0K), 0 survivors (0K)
 Metaspace       used 38508K, committed 38976K, reserved 1089536K
  class space    used 4845K, committed 4992K, reserved 1048576K
}
Event: 11481.714 GC heap before
{Heap before GC invocations=1133 (full 1117):
 garbage-first heap   total 77824K, used 25288K [0x0000000081a00000, 0x0000000100000000)
  region size 1024K, 3 young (3072K), 0 survivors (0K)
 Metaspace       used 38508K, committed 38976K, reserved 1089536K
  class space    used 4845K, committed 4992K, reserved 1048576K
}
Event: 11481.752 GC heap after
{Heap after GC invocations=1134 (full 1118):
 garbage-first heap   total 77824K, used 23240K [0x0000000081a00000, 0x0000000100000000)
  region size 1024K, 0 young (0K), 0 survivors (0K)
 Metaspace       used 38508K, committed 38976K, reserved 1089536K
  class space    used 4845K, committed 4992K, reserved 1048576K
}
Event: 11491.962 GC heap before
{Heap before GC invocations=1134 (full 1118):
 garbage-first heap   total 77824K, used 25288K [0x0000000081a00000, 0x0000000100000000)
  region size 1024K, 3 young (3072K), 0 survivors (0K)
 Metaspace       used 38508K, committed 38976K, reserved 1089536K
  class space    used 4845K, committed 4992K, reserved 1048576K
}
Event: 11491.991 GC heap after
{Heap after GC invocations=1135 (full 1119):
 garbage-first heap   total 77824K, used 23240K [0x0000000081a00000, 0x0000000100000000)
  region size 1024K, 0 young (0K), 0 survivors (0K)
 Metaspace       used 38508K, committed 38976K, reserved 1089536K
  class space    used 4845K, committed 4992K, reserved 1048576K
}
Event: 11502.192 GC heap before
{Heap before GC invocations=1135 (full 1119):
 garbage-first heap   total 77824K, used 25288K [0x0000000081a00000, 0x0000000100000000)
  region size 1024K, 3 young (3072K), 0 survivors (0K)
 Metaspace       used 38508K, committed 38976K, reserved 1089536K
  class space    used 4845K, committed 4992K, reserved 1048576K
}
Event: 11502.226 GC heap after
{Heap after GC invocations=1136 (full 1120):
 garbage-first heap   total 77824K, used 23240K [0x0000000081a00000, 0x0000000100000000)
  region size 1024K, 0 young (0K), 0 survivors (0K)
 Metaspace       used 38508K, committed 38976K, reserved 1089536K
  class space    used 4845K, committed 4992K, reserved 1048576K
}
Event: 11512.391 GC heap before
{Heap before GC invocations=1136 (full 1120):
 garbage-first heap   total 77824K, used 25288K [0x0000000081a00000, 0x0000000100000000)
  region size 1024K, 3 young (3072K), 0 survivors (0K)
 Metaspace       used 38508K, committed 38976K, reserved 1089536K
  class space    used 4845K, committed 4992K, reserved 1048576K
}
Event: 11512.413 GC heap after
{Heap after GC invocations=1137 (full 1121):
 garbage-first heap   total 77824K, used 23240K [0x0000000081a00000, 0x0000000100000000)
  region size 1024K, 0 young (0K), 0 survivors (0K)
 Metaspace       used 38508K, committed 38976K, reserved 1089536K
  class space    used 4845K, committed 4992K, reserved 1048576K
}

